<?xml version="1.0" encoding="UTF-8"?>
<testsuite xmlns:xsi="http://www.w3.org/2001/XMLSchema-instance" xsi:noNamespaceSchemaLocation="https://maven.apache.org/surefire/maven-surefire-plugin/xsd/surefire-test-report-3.0.xsd" version="3.0" name="dev.selenium.troubleshooting.LoggingTest" time="0.93" tests="1" errors="0" skipped="0" failures="0">
  <properties>
[...]
</properties>
  <testcase name="logging" classname="dev.selenium.troubleshooting.LoggingTest" time="0.928">
    <system-err><![CDATA[Sep 28, 2023 7:09:24 AM org.openqa.selenium.net.UrlChecker lambda$waitUntilAvailable$1
FINE: Polling http://localhost:9497/status
Sep 28, 2023 7:09:25 AM dev.selenium.troubleshooting.LoggingTest logging
WARNING: this is a warning
Sep 28, 2023 7:09:24 AM org.openqa.selenium.net.UrlChecker lambda$waitUntilAvailable$1
FINE: Polling http://localhost:23129/status
Sep 28, 2023 7:09:24 AM org.openqa.selenium.net.UrlChecker lambda$waitUntilAvailable$1
FINE: Polling http://localhost:31937/status
Sep 28, 2023 7:09:24 AM org.openqa.selenium.net.UrlChecker lambda$waitUntilAvailable$1
FINE: Polling http://localhost:8521/status
Sep 28, 2023 7:09:24 AM org.openqa.selenium.net.UrlChecker lambda$waitUntilAvailable$1
FINE: Polling http://localhost:13909/status
Sep 28, 2023 7:09:24 AM org.openqa.selenium.net.UrlChecker lambda$waitUntilAvailable$1
FINE: Polling http://localhost:7825/status
Sep 28, 2023 7:09:24 AM org.openqa.selenium.net.UrlChecker lambda$waitUntilAvailable$1
FINE: Polling http://localhost:9598/status
Sep 28, 2023 7:09:24 AM org.openqa.selenium.net.UrlChecker lambda$waitUntilAvailable$1
FINE: Polling http://localhost:24211/status
Sep 28, 2023 7:09:24 AM org.openqa.selenium.net.UrlChecker lambda$waitUntilAvailable$1
FINE: Polling http://localhost:31969/status
Sep 28, 2023 7:09:24 AM org.openqa.selenium.net.UrlChecker lambda$waitUntilAvailable$1
FINE: Polling http://localhost:15212/status
Sep 28, 2023 7:09:24 AM org.openqa.selenium.net.UrlChecker lambda$waitUntilAvailable$1
FINE: Polling http://localhost:19491/status
Sep 28, 2023 7:09:24 AM org.openqa.selenium.net.UrlChecker lambda$waitUntilAvailable$1
FINE: Polling http://localhost:18371/status
Sep 28, 2023 7:09:24 AM org.openqa.selenium.net.UrlChecker lambda$waitUntilAvailable$1
FINE: Polling http://localhost:20978/status
Sep 28, 2023 7:09:24 AM org.openqa.selenium.net.UrlChecker lambda$waitUntilAvailable$1
FINE: Polling http://localhost:17231/status
Sep 28, 2023 7:09:24 AM org.openqa.selenium.net.UrlChecker lambda$waitUntilAvailable$1
FINE: Polling http://localhost:14486/status
Sep 28, 2023 7:09:24 AM org.openqa.selenium.net.UrlChecker lambda$waitUntilAvailable$1
FINE: Polling http://localhost:8884/status
Sep 28, 2023 7:09:24 AM org.openqa.selenium.net.UrlChecker lambda$waitUntilAvailable$1
FINE: Polling http://localhost:5898/status
Sep 28, 2023 7:09:24 AM org.openqa.selenium.net.UrlChecker lambda$waitUntilAvailable$1
FINE: Polling http://localhost:24468/status
Sep 28, 2023 7:09:24 AM org.openqa.selenium.net.UrlChecker lambda$waitUntilAvailable$1
FINE: Polling http://localhost:29913/status
Sep 28, 2023 7:09:24 AM org.openqa.selenium.net.UrlChecker lambda$waitUntilAvailable$1
FINE: Polling http://localhost:15845/status
Sep 28, 2023 7:09:24 AM org.openqa.selenium.net.UrlChecker lambda$waitUntilAvailable$1
FINE: Polling http://localhost:23250/status
Sep 28, 2023 7:09:24 AM org.openqa.selenium.net.UrlChecker lambda$waitUntilAvailable$1
FINE: Polling http://localhost:26547/status
Sep 28, 2023 7:09:24 AM org.openqa.selenium.net.UrlChecker lambda$waitUntilAvailable$1
FINE: Polling http://localhost:9041/status
Sep 28, 2023 7:09:24 AM org.openqa.selenium.net.UrlChecker lambda$waitUntilAvailable$1
FINE: Polling http://localhost:8984/status
Sep 28, 2023 7:09:24 AM org.openqa.selenium.net.UrlChecker lambda$waitUntilAvailable$1
FINE: Polling http://localhost:22823/status
Sep 28, 2023 7:09:24 AM org.openqa.selenium.net.UrlChecker lambda$waitUntilAvailable$1
FINE: Polling http://localhost:11585/status
Sep 28, 2023 7:09:24 AM org.openqa.selenium.net.UrlChecker lambda$waitUntilAvailable$1
FINE: Polling http://localhost:20237/status
Sep 28, 2023 7:09:24 AM org.openqa.selenium.net.UrlChecker lambda$waitUntilAvailable$1
FINE: Polling http://localhost:32630/status
Sep 28, 2023 7:09:24 AM org.openqa.selenium.net.UrlChecker lambda$waitUntilAvailable$1
FINE: Polling http://localhost:21062/status
Sep 28, 2023 7:09:24 AM org.openqa.selenium.net.UrlChecker lambda$waitUntilAvailable$1
FINE: Polling http://localhost:9307/status
Sep 28, 2023 7:09:24 AM org.openqa.selenium.net.UrlChecker lambda$waitUntilAvailable$1
FINE: Polling http://localhost:11521/status
Sep 28, 2023 7:09:24 AM org.openqa.selenium.net.UrlChecker lambda$waitUntilAvailable$1
FINE: Polling http://localhost:17942/status
Sep 28, 2023 7:09:24 AM org.openqa.selenium.net.UrlChecker lambda$waitUntilAvailable$1
FINE: Polling http://localhost:10544/status
Sep 28, 2023 7:09:24 AM org.openqa.selenium.net.UrlChecker lambda$waitUntilAvailable$1
FINE: Polling http://localhost:27623/status
Sep 28, 2023 7:09:24 AM org.openqa.selenium.net.UrlChecker lambda$waitUntilAvailable$1
FINE: Polling http://localhost:13485/status
Sep 28, 2023 7:09:24 AM org.openqa.selenium.net.UrlChecker lambda$waitUntilAvailable$1
FINE: Polling http://localhost:24448/status
Sep 28, 2023 7:09:24 AM org.openqa.selenium.net.UrlChecker lambda$waitUntilAvailable$1
FINE: Polling http://localhost:12584/status
Sep 28, 2023 7:09:24 AM org.openqa.selenium.net.UrlChecker lambda$waitUntilAvailable$1
FINE: Polling http://localhost:13804/status
Sep 28, 2023 7:09:24 AM org.openqa.selenium.net.UrlChecker lambda$waitUntilAvailable$1
FINE: Polling http://localhost:21974/status
Sep 28, 2023 7:09:24 AM org.openqa.selenium.net.UrlChecker lambda$waitUntilAvailable$1
FINE: Polling http://localhost:24214/status
Sep 28, 2023 7:09:24 AM org.openqa.selenium.net.UrlChecker lambda$waitUntilAvailable$1
FINE: Polling http://localhost:19939/status
Sep 28, 2023 7:09:24 AM org.openqa.selenium.net.UrlChecker lambda$waitUntilAvailable$1
FINE: Polling http://localhost:1234/status
Sep 28, 2023 7:09:24 AM org.openqa.selenium.net.UrlChecker lambda$waitUntilAvailable$1
FINE: Polling http://localhost:1583/status
Sep 28, 2023 7:09:24 AM org.openqa.selenium.net.UrlChecker lambda$waitUntilAvailable$1
FINE: Polling http://localhost:9902/status
Sep 28, 2023 7:09:24 AM org.openqa.selenium.net.UrlChecker lambda$waitUntilAvailable$1
FINE: Polling http://localhost:20135/status
Sep 28, 2023 7:09:25 AM org.openqa.selenium.net.UrlChecker lambda$waitUntilAvailable$1
FINE: Polling http://localhost:9497/status
Sep 28, 2023 7:09:25 AM org.openqa.selenium.net.UrlChecker lambda$waitUntilAvailable$1
FINE: Polling http://localhost:11521/status
Sep 28, 2023 7:09:25 AM org.openqa.selenium.net.UrlChecker lambda$waitUntilAvailable$1
FINE: Polling http://localhost:23129/status
Sep 28, 2023 7:09:25 AM org.openqa.selenium.net.UrlChecker lambda$waitUntilAvailable$1
FINE: Polling http://localhost:31937/status
Sep 28, 2023 7:09:25 AM org.openqa.selenium.net.UrlChecker lambda$waitUntilAvailable$1
FINE: Polling http://localhost:8521/status
Sep 28, 2023 7:09:25 AM org.openqa.selenium.net.UrlChecker lambda$waitUntilAvailable$1
FINE: Polling http://localhost:13909/status
Sep 28, 2023 7:09:25 AM org.openqa.selenium.net.UrlChecker lambda$waitUntilAvailable$1
FINE: Polling http://localhost:7825/status
Sep 28, 2023 7:09:25 AM org.openqa.selenium.net.UrlChecker lambda$waitUntilAvailable$1
FINE: Polling http://localhost:9598/status
Sep 28, 2023 7:09:25 AM org.openqa.selenium.net.UrlChecker lambda$waitUntilAvailable$1
FINE: Polling http://localhost:24211/status
Sep 28, 2023 7:09:25 AM org.openqa.selenium.net.UrlChecker lambda$waitUntilAvailable$1
FINE: Polling http://localhost:31969/status
Sep 28, 2023 7:09:25 AM org.openqa.selenium.net.UrlChecker lambda$waitUntilAvailable$1
FINE: Polling http://localhost:15212/status
Sep 28, 2023 7:09:25 AM org.openqa.selenium.net.UrlChecker lambda$waitUntilAvailable$1
FINE: Polling http://localhost:19491/status
Sep 28, 2023 7:09:25 AM org.openqa.selenium.net.UrlChecker lambda$waitUntilAvailable$1
FINE: Polling http://localhost:18371/status
Sep 28, 2023 7:09:25 AM org.openqa.selenium.net.UrlChecker lambda$waitUntilAvailable$1
FINE: Polling http://localhost:20978/status
Sep 28, 2023 7:09:25 AM org.openqa.selenium.net.UrlChecker lambda$waitUntilAvailable$1
FINE: Polling http://localhost:17231/status
Sep 28, 2023 7:09:25 AM org.openqa.selenium.net.UrlChecker lambda$waitUntilAvailable$1
FINE: Polling http://localhost:14486/status
Sep 28, 2023 7:09:25 AM org.openqa.selenium.net.UrlChecker lambda$waitUntilAvailable$1
FINE: Polling http://localhost:8884/status
Sep 28, 2023 7:09:25 AM org.openqa.selenium.net.UrlChecker lambda$waitUntilAvailable$1
FINE: Polling http://localhost:5898/status
Sep 28, 2023 7:09:25 AM org.openqa.selenium.net.UrlChecker lambda$waitUntilAvailable$1
FINE: Polling http://localhost:24468/status
Sep 28, 2023 7:09:25 AM org.openqa.selenium.net.UrlChecker lambda$waitUntilAvailable$1
FINE: Polling http://localhost:29913/status
Sep 28, 2023 7:09:25 AM org.openqa.selenium.net.UrlChecker lambda$waitUntilAvailable$1
FINE: Polling http://localhost:15845/status
Sep 28, 2023 7:09:25 AM org.openqa.selenium.net.UrlChecker lambda$waitUntilAvailable$1
FINE: Polling http://localhost:26547/status
Sep 28, 2023 7:09:25 AM org.openqa.selenium.net.UrlChecker lambda$waitUntilAvailable$1
FINE: Polling http://localhost:8984/status
Sep 28, 2023 7:09:25 AM org.openqa.selenium.net.UrlChecker lambda$waitUntilAvailable$1
FINE: Polling http://localhost:22823/status
Sep 28, 2023 7:09:25 AM org.openqa.selenium.net.UrlChecker lambda$waitUntilAvailable$1
FINE: Polling http://localhost:9041/status
Sep 28, 2023 7:09:25 AM org.openqa.selenium.net.UrlChecker lambda$waitUntilAvailable$1
FINE: Polling http://localhost:23250/status
Sep 28, 2023 7:09:25 AM org.openqa.selenium.net.UrlChecker lambda$waitUntilAvailable$1
FINE: Polling http://localhost:32630/status
Sep 28, 2023 7:09:25 AM org.openqa.selenium.net.UrlChecker lambda$waitUntilAvailable$1
FINE: Polling http://localhost:20237/status
Sep 28, 2023 7:09:25 AM org.openqa.selenium.net.UrlChecker lambda$waitUntilAvailable$1
FINE: Polling http://localhost:11585/status
Sep 28, 2023 7:09:25 AM org.openqa.selenium.net.UrlChecker lambda$waitUntilAvailable$1
FINE: Polling http://localhost:9307/status
Sep 28, 2023 7:09:25 AM org.openqa.selenium.net.UrlChecker lambda$waitUntilAvailable$1
FINE: Polling http://localhost:21062/status
Sep 28, 2023 7:09:25 AM org.openqa.selenium.net.UrlChecker lambda$waitUntilAvailable$1
FINE: Polling http://localhost:17942/status
Sep 28, 2023 7:09:25 AM org.openqa.selenium.net.UrlChecker lambda$waitUntilAvailable$1
FINE: Polling http://localhost:10544/status
Sep 28, 2023 7:09:25 AM org.openqa.selenium.net.UrlChecker lambda$waitUntilAvailable$1
FINE: Polling http://localhost:13485/status
Sep 28, 2023 7:09:25 AM org.openqa.selenium.net.UrlChecker lambda$waitUntilAvailable$1
FINE: Polling http://localhost:24448/status
Sep 28, 2023 7:09:25 AM org.openqa.selenium.net.UrlChecker lambda$waitUntilAvailable$1
FINE: Polling http://localhost:27623/status
Sep 28, 2023 7:09:25 AM org.openqa.selenium.net.UrlChecker lambda$waitUntilAvailable$1
FINE: Polling http://localhost:12584/status
Sep 28, 2023 7:09:25 AM org.openqa.selenium.net.UrlChecker lambda$waitUntilAvailable$1
FINE: Polling http://localhost:13804/status
Sep 28, 2023 7:09:25 AM org.openqa.selenium.net.UrlChecker lambda$waitUntilAvailable$1
FINE: Polling http://localhost:21974/status
Sep 28, 2023 7:09:25 AM org.openqa.selenium.net.UrlChecker lambda$waitUntilAvailable$1
FINE: Polling http://localhost:24214/status
Sep 28, 2023 7:09:25 AM org.openqa.selenium.net.UrlChecker lambda$waitUntilAvailable$1
FINE: Polling http://localhost:19939/status
Sep 28, 2023 7:09:25 AM org.openqa.selenium.net.UrlChecker lambda$waitUntilAvailable$1
FINE: Polling http://localhost:1234/status
Sep 28, 2023 7:09:25 AM org.openqa.selenium.net.UrlChecker lambda$waitUntilAvailable$1
FINE: Polling http://localhost:20135/status
Sep 28, 2023 7:09:25 AM org.openqa.selenium.net.UrlChecker lambda$waitUntilAvailable$1
FINE: Polling http://localhost:1583/status
Sep 28, 2023 7:09:25 AM org.openqa.selenium.net.UrlChecker lambda$waitUntilAvailable$1
FINE: Polling http://localhost:9902/status
Sep 28, 2023 7:09:25 AM dev.selenium.troubleshooting.LoggingTest logging
INFO: this is useful information
Sep 28, 2023 7:09:25 AM dev.selenium.troubleshooting.LoggingTest logging
FINE: this is detailed debug information
Sep 28, 2023 7:09:25 AM org.openqa.selenium.net.UrlChecker lambda$waitUntilAvailable$1
FINE: Polling http://localhost:9497/status
]]></system-err>
  </testcase>
</testsuite>